gyp info it worked if it ends with ok
gyp info using node-gyp@3.6.2
gyp info using node@8.0.0 | darwin | x64
gyp info spawn /usr/bin/python
gyp info spawn args [ '/usr/local/lib/node_modules/npm/node_modules/node-gyp/gyp/gyp_main.py',
gyp info spawn args   'binding.gyp',
gyp info spawn args   '-f',
gyp info spawn args   'make',
gyp info spawn args   '-I',
gyp info spawn args   '/Volumes/Macintosh HD/Users/angelacoelho/Desktop/Outros/Portfolio/Project/test_bp/node_modules/uws/build/config.gypi',
gyp info spawn args   '-I',
gyp info spawn args   '/usr/local/lib/node_modules/npm/node_modules/node-gyp/addon.gypi',
gyp info spawn args   '-I',
gyp info spawn args   '/Volumes/Macintosh HD/Users/angelacoelho/.node-gyp/8.0.0/include/node/common.gypi',
gyp info spawn args   '-Dlibrary=shared_library',
gyp info spawn args   '-Dvisibility=default',
gyp info spawn args   '-Dnode_root_dir=/Volumes/Macintosh HD/Users/angelacoelho/.node-gyp/8.0.0',
gyp info spawn args   '-Dnode_gyp_dir=/usr/local/lib/node_modules/npm/node_modules/node-gyp',
gyp info spawn args   '-Dnode_lib_file=/Volumes/Macintosh HD/Users/angelacoelho/.node-gyp/8.0.0/<(target_arch)/node.lib',
gyp info spawn args   '-Dmodule_root_dir=/Volumes/Macintosh HD/Users/angelacoelho/Desktop/Outros/Portfolio/Project/test_bp/node_modules/uws',
gyp info spawn args   '-Dnode_engine=v8',
gyp info spawn args   '--depth=.',
gyp info spawn args   '--no-parallel',
gyp info spawn args   '--generator-output',
gyp info spawn args   'build',
gyp info spawn args   '-Goutput_dir=.' ]
gyp info spawn make
gyp info spawn args [ 'BUILDTYPE=Release', '-C', 'build' ]
  CXX(target) Release/obj.target/uws/src/Extensions.o
clang: error: no such file or directory: 'HD/Users/angelacoelho/.node-gyp/8.0.0/include/node'
clang: error: no such file or directory: 'HD/Users/angelacoelho/.node-gyp/8.0.0/src'
clang: error: no such file or directory: 'HD/Users/angelacoelho/.node-gyp/8.0.0/deps/uv/include'
clang: error: no such file or directory: 'HD/Users/angelacoelho/.node-gyp/8.0.0/deps/v8/include'
make: *** [Release/obj.target/uws/src/Extensions.o] Error 1
gyp ERR! build error 
gyp ERR! stack Error: `make` failed with exit code: 2
gyp ERR! stack     at ChildProcess.onExit (/usr/local/lib/node_modules/npm/node_modules/node-gyp/lib/build.js:258:23)
gyp ERR! stack     at emitTwo (events.js:125:13)
gyp ERR! stack     at ChildProcess.emit (events.js:213:7)
gyp ERR! stack     at Process.ChildProcess._handle.onexit (internal/child_process.js:197:12)
gyp ERR! System Darwin 17.4.0
gyp ERR! command "/usr/local/bin/node" "/usr/local/lib/node_modules/npm/node_modules/node-gyp/bin/node-gyp.js" "rebuild"
gyp ERR! cwd /Volumes/Macintosh HD/Users/angelacoelho/Desktop/Outros/Portfolio/Project/test_bp/node_modules/uws
gyp ERR! node -v v8.0.0
gyp ERR! node-gyp -v v3.6.2
gyp ERR! not ok 
